2024-03-09 08:44:15,161 INFO o.a.j.u.JMeterUtils: Setting Locale to en_EN
2024-03-09 08:44:15,181 INFO o.a.j.JMeter: Loading user properties from: /opt/homebrew/Cellar/jmeter/5.6.3/libexec/bin/user.properties
2024-03-09 08:44:15,181 INFO o.a.j.JMeter: Loading system properties from: /opt/homebrew/Cellar/jmeter/5.6.3/libexec/bin/system.properties
2024-03-09 08:44:15,185 INFO o.a.j.JMeter: Copyright (c) 1998-2024 The Apache Software Foundation
2024-03-09 08:44:15,185 INFO o.a.j.JMeter: Version 5.6.3
2024-03-09 08:44:15,185 INFO o.a.j.JMeter: java.version=21.0.2
2024-03-09 08:44:15,185 INFO o.a.j.JMeter: java.vm.name=OpenJDK 64-Bit Server VM
2024-03-09 08:44:15,185 INFO o.a.j.JMeter: os.name=Mac OS X
2024-03-09 08:44:15,185 INFO o.a.j.JMeter: os.arch=aarch64
2024-03-09 08:44:15,185 INFO o.a.j.JMeter: os.version=14.2
2024-03-09 08:44:15,186 INFO o.a.j.JMeter: file.encoding=UTF-8
2024-03-09 08:44:15,186 INFO o.a.j.JMeter: java.awt.headless=null
2024-03-09 08:44:15,186 INFO o.a.j.JMeter: Max memory     =1073741824
2024-03-09 08:44:15,186 INFO o.a.j.JMeter: Available Processors =8
2024-03-09 08:44:15,194 INFO o.a.j.JMeter: Default Locale=English (EN)
2024-03-09 08:44:15,194 INFO o.a.j.JMeter: JMeter  Locale=English (EN)
2024-03-09 08:44:15,194 INFO o.a.j.JMeter: JMeterHome=/opt/homebrew/Cellar/jmeter/5.6.3/libexec
2024-03-09 08:44:15,194 INFO o.a.j.JMeter: user.dir  =/Users/estergracia/Uni/adpro/exercise-profiling
2024-03-09 08:44:15,194 INFO o.a.j.JMeter: PWD       =/Users/estergracia/Uni/adpro/exercise-profiling
2024-03-09 08:44:15,196 INFO o.a.j.JMeter: IP: 127.0.0.1 Name: Esters-MacBook-Air.local FullName: localhost
2024-03-09 08:44:15,204 INFO o.a.j.JMeter: Loaded icon properties from org/apache/jmeter/images/icon.properties
2024-03-09 08:44:15,931 INFO o.a.j.JMeterGuiLauncher: Setting LAF to: com.github.weisj.darklaf.DarkLaf:com.github.weisj.darklaf.theme.DarculaTheme
2024-03-09 08:44:18,380 INFO o.a.j.r.ClassFinder: Will scan jar /opt/homebrew/Cellar/jmeter/5.6.3/libexec/lib/ext/jmeter-plugins-manager-1.9.jar with filter ExtendsClassFilter [parents=[interface org.apache.jmeter.gui.action.Command], inner=false, contains=null, notContains=null]. Consider exposing JMeter plugins via META-INF/services, and add JMeter-Skip-Class-Scanning=true manifest attribute so JMeter can skip classfile scanning
2024-03-09 08:44:18,533 INFO o.a.j.r.ClassFinder: Will scan jar /opt/homebrew/Cellar/jmeter/5.6.3/libexec/lib/ext/jmeter-plugins-manager-1.9.jar with filter ExtendsClassFilter [parents=[interface org.apache.jmeter.gui.plugin.MenuCreator], inner=false, contains=null, notContains=null]. Consider exposing JMeter plugins via META-INF/services, and add JMeter-Skip-Class-Scanning=true manifest attribute so JMeter can skip classfile scanning
2024-03-09 08:44:18,651 INFO o.j.r.JARSourceHTTP: Requesting https://jmeter-plugins.org/repo/?installID=mac_os_x-9585929c78d0ea9587db39585ac90c22-gui
2024-03-09 08:44:20,623 INFO o.j.r.PluginManager: Plugins Status: [jpgc-plugins-manager=1.9, jmeter-core=5.6.3, jmeter-ftp=5.6.3, jmeter-http=5.6.3, jmeter-jdbc=5.6.3, jmeter-jms=5.6.3, jmeter-junit=5.6.3, jmeter-java=5.6.3, jmeter-ldap=5.6.3, jmeter-mail=5.6.3, jmeter-mongodb=5.6.3, jmeter-native=5.6.3, jmeter-tcp=5.6.3, jmeter-components=5.6.3]
2024-03-09 08:44:20,630 INFO o.j.r.PluginManagerMenuItem: Plugins Manager has upgrades: [jpgc-plugins-manager]
2024-03-09 08:44:25,161 INFO o.a.j.s.FileServer: Default base='/Users/estergracia/Uni/adpro/exercise-profiling'
2024-03-09 08:44:25,163 INFO o.a.j.g.a.Load: Loading file: /Users/estergracia/Uni/adpro/exercise-profiling/test_plan_1.jmx
2024-03-09 08:44:25,163 INFO o.a.j.s.FileServer: Set new base='/Users/estergracia/Uni/adpro/exercise-profiling'
2024-03-09 08:44:25,278 INFO o.a.j.s.SaveService: Testplan (JMX) version: 2.2. Testlog (JTL) version: 2.2
2024-03-09 08:44:25,284 INFO o.a.j.s.SaveService: Using SaveService properties version 5.0
2024-03-09 08:44:25,285 INFO o.a.j.s.SaveService: Using SaveService properties file encoding UTF-8
2024-03-09 08:44:25,288 INFO o.a.j.s.SaveService: Loading file: /Users/estergracia/Uni/adpro/exercise-profiling/test_plan_1.jmx
2024-03-09 08:44:25,346 INFO o.a.j.p.h.s.HTTPSamplerBase: Parser for text/html is org.apache.jmeter.protocol.http.parser.LagartoBasedHtmlParser
2024-03-09 08:44:25,346 INFO o.a.j.p.h.s.HTTPSamplerBase: Parser for application/xhtml+xml is org.apache.jmeter.protocol.http.parser.LagartoBasedHtmlParser
2024-03-09 08:44:25,346 INFO o.a.j.p.h.s.HTTPSamplerBase: Parser for application/xml is org.apache.jmeter.protocol.http.parser.LagartoBasedHtmlParser
2024-03-09 08:44:25,346 INFO o.a.j.p.h.s.HTTPSamplerBase: Parser for text/xml is org.apache.jmeter.protocol.http.parser.LagartoBasedHtmlParser
2024-03-09 08:44:25,346 INFO o.a.j.p.h.s.HTTPSamplerBase: Parser for text/vnd.wap.wml is org.apache.jmeter.protocol.http.parser.RegexpHTMLParser
2024-03-09 08:44:25,346 INFO o.a.j.p.h.s.HTTPSamplerBase: Parser for text/css is org.apache.jmeter.protocol.http.parser.CssParser
2024-03-09 08:44:25,464 INFO o.a.j.s.SampleResult: Note: Sample TimeStamps are START times
2024-03-09 08:44:25,464 INFO o.a.j.s.SampleResult: sampleresult.default.encoding is set to UTF-8
2024-03-09 08:44:25,464 INFO o.a.j.s.SampleResult: sampleresult.useNanoTime=true
2024-03-09 08:44:25,464 INFO o.a.j.s.SampleResult: sampleresult.nanoThreadSleep=5000
2024-03-09 08:44:25,529 INFO o.a.j.r.ClassFinder: Will scan jar /opt/homebrew/Cellar/jmeter/5.6.3/libexec/lib/ext/jmeter-plugins-manager-1.9.jar with filter ExtendsClassFilter [parents=[interface org.apache.jmeter.visualizers.ResultRenderer], inner=false, contains=null, notContains=null]. Consider exposing JMeter plugins via META-INF/services, and add JMeter-Skip-Class-Scanning=true manifest attribute so JMeter can skip classfile scanning
2024-03-09 08:44:25,542 INFO o.a.j.r.ClassFinder: Will scan jar /opt/homebrew/Cellar/jmeter/5.6.3/libexec/lib/ext/jmeter-plugins-manager-1.9.jar with filter ExtendsClassFilter [parents=[interface org.apache.jmeter.visualizers.RequestView], inner=false, contains=null, notContains=null]. Consider exposing JMeter plugins via META-INF/services, and add JMeter-Skip-Class-Scanning=true manifest attribute so JMeter can skip classfile scanning
2024-03-09 08:44:25,617 INFO o.a.j.s.FileServer: Set new base='/Users/estergracia/Uni/adpro/exercise-profiling'
2024-03-09 08:44:31,495 INFO o.a.j.e.StandardJMeterEngine: Running the test!
2024-03-09 08:44:31,496 INFO o.a.j.s.SampleEvent: List of sample_variables: []
2024-03-09 08:44:31,496 INFO o.a.j.s.SampleEvent: List of sample_variables: []
2024-03-09 08:44:31,497 INFO o.a.j.e.u.CompoundVariable: Note: Function class names must contain the string: '.functions.'
2024-03-09 08:44:31,497 INFO o.a.j.e.u.CompoundVariable: Note: Function class names must not contain the string: '.gui.'
2024-03-09 08:44:31,531 INFO o.a.j.r.ClassFinder: Will scan jar /opt/homebrew/Cellar/jmeter/5.6.3/libexec/lib/ext/jmeter-plugins-manager-1.9.jar with filter ExtendsClassFilter [parents=[interface org.apache.jmeter.functions.Function], inner=false, contains=null, notContains=null]. Consider exposing JMeter plugins via META-INF/services, and add JMeter-Skip-Class-Scanning=true manifest attribute so JMeter can skip classfile scanning
2024-03-09 08:44:31,535 INFO o.a.j.g.u.JMeterMenuBar: setRunning(true, *local*)
2024-03-09 08:44:31,567 INFO o.a.j.e.StandardJMeterEngine: Starting ThreadGroup: 1 : Thread Group
2024-03-09 08:44:31,567 INFO o.a.j.e.StandardJMeterEngine: Starting 10 threads for group Thread Group.
2024-03-09 08:44:31,567 INFO o.a.j.e.StandardJMeterEngine: Thread will continue on error
2024-03-09 08:44:31,567 INFO o.a.j.t.ThreadGroup: Starting thread group... number=1 threads=10 ramp-up=1 delayedStart=false
2024-03-09 08:44:31,569 INFO o.a.j.t.JMeterThread: Thread started: Thread Group 1-1
2024-03-09 08:44:31,571 INFO o.a.j.t.ThreadGroup: Started thread group number 1
2024-03-09 08:44:31,572 INFO o.a.j.e.StandardJMeterEngine: All thread groups have been started
2024-03-09 08:44:31,575 INFO o.a.j.p.h.s.HTTPHCAbstractImpl: Local host = Esters-MacBook-Air.local
2024-03-09 08:44:31,578 INFO o.a.j.p.h.s.HTTPHC4Impl: HTTP request retry count = 0
2024-03-09 08:44:31,608 INFO o.a.j.t.JMeterThread: Thread is done: Thread Group 1-1
2024-03-09 08:44:31,608 INFO o.a.j.t.JMeterThread: Thread finished: Thread Group 1-1
2024-03-09 08:44:31,668 INFO o.a.j.t.JMeterThread: Thread started: Thread Group 1-2
2024-03-09 08:44:31,677 INFO o.a.j.t.JMeterThread: Thread is done: Thread Group 1-2
2024-03-09 08:44:31,678 INFO o.a.j.t.JMeterThread: Thread finished: Thread Group 1-2
2024-03-09 08:44:31,768 INFO o.a.j.t.JMeterThread: Thread started: Thread Group 1-3
2024-03-09 08:44:31,771 INFO o.a.j.t.JMeterThread: Thread is done: Thread Group 1-3
2024-03-09 08:44:31,771 INFO o.a.j.t.JMeterThread: Thread finished: Thread Group 1-3
2024-03-09 08:44:31,868 INFO o.a.j.t.JMeterThread: Thread started: Thread Group 1-4
2024-03-09 08:44:31,871 INFO o.a.j.t.JMeterThread: Thread is done: Thread Group 1-4
2024-03-09 08:44:31,871 INFO o.a.j.t.JMeterThread: Thread finished: Thread Group 1-4
2024-03-09 08:44:31,972 INFO o.a.j.t.JMeterThread: Thread started: Thread Group 1-5
2024-03-09 08:44:31,974 INFO o.a.j.t.JMeterThread: Thread is done: Thread Group 1-5
2024-03-09 08:44:31,974 INFO o.a.j.t.JMeterThread: Thread finished: Thread Group 1-5
2024-03-09 08:44:32,072 INFO o.a.j.t.JMeterThread: Thread started: Thread Group 1-6
2024-03-09 08:44:32,074 INFO o.a.j.t.JMeterThread: Thread is done: Thread Group 1-6
2024-03-09 08:44:32,075 INFO o.a.j.t.JMeterThread: Thread finished: Thread Group 1-6
2024-03-09 08:44:32,171 INFO o.a.j.t.JMeterThread: Thread started: Thread Group 1-7
2024-03-09 08:44:32,173 INFO o.a.j.t.JMeterThread: Thread is done: Thread Group 1-7
2024-03-09 08:44:32,173 INFO o.a.j.t.JMeterThread: Thread finished: Thread Group 1-7
2024-03-09 08:44:32,272 INFO o.a.j.t.JMeterThread: Thread started: Thread Group 1-8
2024-03-09 08:44:32,274 INFO o.a.j.t.JMeterThread: Thread is done: Thread Group 1-8
2024-03-09 08:44:32,274 INFO o.a.j.t.JMeterThread: Thread finished: Thread Group 1-8
2024-03-09 08:44:32,373 INFO o.a.j.t.JMeterThread: Thread started: Thread Group 1-9
2024-03-09 08:44:32,376 INFO o.a.j.t.JMeterThread: Thread is done: Thread Group 1-9
2024-03-09 08:44:32,376 INFO o.a.j.t.JMeterThread: Thread finished: Thread Group 1-9
2024-03-09 08:44:32,468 INFO o.a.j.t.JMeterThread: Thread started: Thread Group 1-10
2024-03-09 08:44:32,471 INFO o.a.j.t.JMeterThread: Thread is done: Thread Group 1-10
2024-03-09 08:44:32,471 INFO o.a.j.t.JMeterThread: Thread finished: Thread Group 1-10
2024-03-09 08:44:32,471 INFO o.a.j.e.StandardJMeterEngine: Notifying test listeners of end of test
2024-03-09 08:44:32,472 INFO o.a.j.g.u.JMeterMenuBar: setRunning(false, *local*)
2024-03-09 08:44:54,521 INFO o.a.j.g.a.Load: Loading file: /Users/estergracia/Uni/adpro/exercise-profiling/test_plan_2.jmx
2024-03-09 08:44:54,522 INFO o.a.j.s.FileServer: Set new base='/Users/estergracia/Uni/adpro/exercise-profiling'
2024-03-09 08:44:54,522 INFO o.a.j.s.SaveService: Loading file: /Users/estergracia/Uni/adpro/exercise-profiling/test_plan_2.jmx
2024-03-09 08:44:54,545 INFO o.a.j.r.ClassFinder: Will scan jar /opt/homebrew/Cellar/jmeter/5.6.3/libexec/lib/ext/jmeter-plugins-manager-1.9.jar with filter ExtendsClassFilter [parents=[interface org.apache.jmeter.visualizers.ResultRenderer], inner=false, contains=null, notContains=null]. Consider exposing JMeter plugins via META-INF/services, and add JMeter-Skip-Class-Scanning=true manifest attribute so JMeter can skip classfile scanning
2024-03-09 08:44:54,556 INFO o.a.j.r.ClassFinder: Will scan jar /opt/homebrew/Cellar/jmeter/5.6.3/libexec/lib/ext/jmeter-plugins-manager-1.9.jar with filter ExtendsClassFilter [parents=[interface org.apache.jmeter.visualizers.RequestView], inner=false, contains=null, notContains=null]. Consider exposing JMeter plugins via META-INF/services, and add JMeter-Skip-Class-Scanning=true manifest attribute so JMeter can skip classfile scanning
2024-03-09 08:44:54,604 INFO o.a.j.s.FileServer: Set new base='/Users/estergracia/Uni/adpro/exercise-profiling'
2024-03-09 08:44:58,538 INFO o.a.j.e.StandardJMeterEngine: Running the test!
2024-03-09 08:44:58,539 INFO o.a.j.s.SampleEvent: List of sample_variables: []
2024-03-09 08:44:58,539 INFO o.a.j.g.u.JMeterMenuBar: setRunning(true, *local*)
2024-03-09 08:44:58,577 INFO o.a.j.e.StandardJMeterEngine: Starting ThreadGroup: 1 : Thread Group
2024-03-09 08:44:58,577 INFO o.a.j.e.StandardJMeterEngine: Starting 10 threads for group Thread Group.
2024-03-09 08:44:58,577 INFO o.a.j.e.StandardJMeterEngine: Thread will continue on error
2024-03-09 08:44:58,578 INFO o.a.j.t.ThreadGroup: Starting thread group... number=1 threads=10 ramp-up=1 delayedStart=false
2024-03-09 08:44:58,580 INFO o.a.j.t.JMeterThread: Thread started: Thread Group 1-1
2024-03-09 08:44:58,590 INFO o.a.j.t.ThreadGroup: Started thread group number 1
2024-03-09 08:44:58,590 INFO o.a.j.e.StandardJMeterEngine: All thread groups have been started
2024-03-09 08:44:58,591 INFO o.a.j.t.JMeterThread: Thread is done: Thread Group 1-1
2024-03-09 08:44:58,591 INFO o.a.j.t.JMeterThread: Thread finished: Thread Group 1-1
2024-03-09 08:44:58,685 INFO o.a.j.t.JMeterThread: Thread started: Thread Group 1-2
2024-03-09 08:44:58,688 INFO o.a.j.t.JMeterThread: Thread is done: Thread Group 1-2
2024-03-09 08:44:58,688 INFO o.a.j.t.JMeterThread: Thread finished: Thread Group 1-2
2024-03-09 08:44:58,784 INFO o.a.j.t.JMeterThread: Thread started: Thread Group 1-3
2024-03-09 08:44:58,786 INFO o.a.j.t.JMeterThread: Thread is done: Thread Group 1-3
2024-03-09 08:44:58,786 INFO o.a.j.t.JMeterThread: Thread finished: Thread Group 1-3
2024-03-09 08:44:58,885 INFO o.a.j.t.JMeterThread: Thread started: Thread Group 1-4
2024-03-09 08:44:58,887 INFO o.a.j.t.JMeterThread: Thread is done: Thread Group 1-4
2024-03-09 08:44:58,888 INFO o.a.j.t.JMeterThread: Thread finished: Thread Group 1-4
2024-03-09 08:44:58,985 INFO o.a.j.t.JMeterThread: Thread started: Thread Group 1-5
2024-03-09 08:44:58,987 INFO o.a.j.t.JMeterThread: Thread is done: Thread Group 1-5
2024-03-09 08:44:58,988 INFO o.a.j.t.JMeterThread: Thread finished: Thread Group 1-5
2024-03-09 08:44:59,085 INFO o.a.j.t.JMeterThread: Thread started: Thread Group 1-6
2024-03-09 08:44:59,087 INFO o.a.j.t.JMeterThread: Thread is done: Thread Group 1-6
2024-03-09 08:44:59,087 INFO o.a.j.t.JMeterThread: Thread finished: Thread Group 1-6
2024-03-09 08:44:59,184 INFO o.a.j.t.JMeterThread: Thread started: Thread Group 1-7
2024-03-09 08:44:59,186 INFO o.a.j.t.JMeterThread: Thread is done: Thread Group 1-7
2024-03-09 08:44:59,186 INFO o.a.j.t.JMeterThread: Thread finished: Thread Group 1-7
2024-03-09 08:44:59,282 INFO o.a.j.t.JMeterThread: Thread started: Thread Group 1-8
2024-03-09 08:44:59,284 INFO o.a.j.t.JMeterThread: Thread is done: Thread Group 1-8
2024-03-09 08:44:59,284 INFO o.a.j.t.JMeterThread: Thread finished: Thread Group 1-8
2024-03-09 08:44:59,385 INFO o.a.j.t.JMeterThread: Thread started: Thread Group 1-9
2024-03-09 08:44:59,387 INFO o.a.j.t.JMeterThread: Thread is done: Thread Group 1-9
2024-03-09 08:44:59,387 INFO o.a.j.t.JMeterThread: Thread finished: Thread Group 1-9
2024-03-09 08:44:59,484 INFO o.a.j.t.JMeterThread: Thread started: Thread Group 1-10
2024-03-09 08:44:59,486 INFO o.a.j.t.JMeterThread: Thread is done: Thread Group 1-10
2024-03-09 08:44:59,486 INFO o.a.j.t.JMeterThread: Thread finished: Thread Group 1-10
2024-03-09 08:44:59,486 INFO o.a.j.e.StandardJMeterEngine: Notifying test listeners of end of test
2024-03-09 08:44:59,486 INFO o.a.j.g.u.JMeterMenuBar: setRunning(false, *local*)
2024-03-09 08:45:11,144 INFO o.a.j.g.a.Load: Loading file: /Users/estergracia/Uni/adpro/exercise-profiling/test_plan_3.jmx
2024-03-09 08:45:11,144 INFO o.a.j.s.FileServer: Set new base='/Users/estergracia/Uni/adpro/exercise-profiling'
2024-03-09 08:45:11,144 INFO o.a.j.s.SaveService: Loading file: /Users/estergracia/Uni/adpro/exercise-profiling/test_plan_3.jmx
2024-03-09 08:45:11,174 INFO o.a.j.r.ClassFinder: Will scan jar /opt/homebrew/Cellar/jmeter/5.6.3/libexec/lib/ext/jmeter-plugins-manager-1.9.jar with filter ExtendsClassFilter [parents=[interface org.apache.jmeter.visualizers.ResultRenderer], inner=false, contains=null, notContains=null]. Consider exposing JMeter plugins via META-INF/services, and add JMeter-Skip-Class-Scanning=true manifest attribute so JMeter can skip classfile scanning
2024-03-09 08:45:11,185 INFO o.a.j.r.ClassFinder: Will scan jar /opt/homebrew/Cellar/jmeter/5.6.3/libexec/lib/ext/jmeter-plugins-manager-1.9.jar with filter ExtendsClassFilter [parents=[interface org.apache.jmeter.visualizers.RequestView], inner=false, contains=null, notContains=null]. Consider exposing JMeter plugins via META-INF/services, and add JMeter-Skip-Class-Scanning=true manifest attribute so JMeter can skip classfile scanning
2024-03-09 08:45:11,218 INFO o.a.j.s.FileServer: Set new base='/Users/estergracia/Uni/adpro/exercise-profiling'
2024-03-09 08:45:12,229 INFO o.a.j.e.StandardJMeterEngine: Running the test!
2024-03-09 08:45:12,229 INFO o.a.j.s.SampleEvent: List of sample_variables: []
2024-03-09 08:45:12,229 INFO o.a.j.g.u.JMeterMenuBar: setRunning(true, *local*)
2024-03-09 08:45:12,264 INFO o.a.j.e.StandardJMeterEngine: Starting ThreadGroup: 1 : Thread Group
2024-03-09 08:45:12,264 INFO o.a.j.e.StandardJMeterEngine: Starting 10 threads for group Thread Group.
2024-03-09 08:45:12,265 INFO o.a.j.e.StandardJMeterEngine: Thread will continue on error
2024-03-09 08:45:12,265 INFO o.a.j.t.ThreadGroup: Starting thread group... number=1 threads=10 ramp-up=1 delayedStart=false
2024-03-09 08:45:12,265 INFO o.a.j.t.JMeterThread: Thread started: Thread Group 1-1
2024-03-09 08:45:12,267 INFO o.a.j.t.ThreadGroup: Started thread group number 1
2024-03-09 08:45:12,267 INFO o.a.j.e.StandardJMeterEngine: All thread groups have been started
2024-03-09 08:45:12,268 INFO o.a.j.t.JMeterThread: Thread is done: Thread Group 1-1
2024-03-09 08:45:12,268 INFO o.a.j.t.JMeterThread: Thread finished: Thread Group 1-1
2024-03-09 08:45:12,366 INFO o.a.j.t.JMeterThread: Thread started: Thread Group 1-2
2024-03-09 08:45:12,368 INFO o.a.j.t.JMeterThread: Thread is done: Thread Group 1-2
2024-03-09 08:45:12,368 INFO o.a.j.t.JMeterThread: Thread finished: Thread Group 1-2
2024-03-09 08:45:12,470 INFO o.a.j.t.JMeterThread: Thread started: Thread Group 1-3
2024-03-09 08:45:12,473 INFO o.a.j.t.JMeterThread: Thread is done: Thread Group 1-3
2024-03-09 08:45:12,473 INFO o.a.j.t.JMeterThread: Thread finished: Thread Group 1-3
2024-03-09 08:45:12,571 INFO o.a.j.t.JMeterThread: Thread started: Thread Group 1-4
2024-03-09 08:45:12,576 INFO o.a.j.t.JMeterThread: Thread is done: Thread Group 1-4
2024-03-09 08:45:12,576 INFO o.a.j.t.JMeterThread: Thread finished: Thread Group 1-4
2024-03-09 08:45:12,668 INFO o.a.j.t.JMeterThread: Thread started: Thread Group 1-5
2024-03-09 08:45:12,670 INFO o.a.j.t.JMeterThread: Thread is done: Thread Group 1-5
2024-03-09 08:45:12,670 INFO o.a.j.t.JMeterThread: Thread finished: Thread Group 1-5
2024-03-09 08:45:12,770 INFO o.a.j.t.JMeterThread: Thread started: Thread Group 1-6
2024-03-09 08:45:12,772 INFO o.a.j.t.JMeterThread: Thread is done: Thread Group 1-6
2024-03-09 08:45:12,772 INFO o.a.j.t.JMeterThread: Thread finished: Thread Group 1-6
2024-03-09 08:45:12,871 INFO o.a.j.t.JMeterThread: Thread started: Thread Group 1-7
2024-03-09 08:45:12,872 INFO o.a.j.t.JMeterThread: Thread is done: Thread Group 1-7
2024-03-09 08:45:12,872 INFO o.a.j.t.JMeterThread: Thread finished: Thread Group 1-7
2024-03-09 08:45:12,966 INFO o.a.j.t.JMeterThread: Thread started: Thread Group 1-8
2024-03-09 08:45:12,968 INFO o.a.j.t.JMeterThread: Thread is done: Thread Group 1-8
2024-03-09 08:45:12,968 INFO o.a.j.t.JMeterThread: Thread finished: Thread Group 1-8
2024-03-09 08:45:13,066 INFO o.a.j.t.JMeterThread: Thread started: Thread Group 1-9
2024-03-09 08:45:13,068 INFO o.a.j.t.JMeterThread: Thread is done: Thread Group 1-9
2024-03-09 08:45:13,068 INFO o.a.j.t.JMeterThread: Thread finished: Thread Group 1-9
2024-03-09 08:45:13,170 INFO o.a.j.t.JMeterThread: Thread started: Thread Group 1-10
2024-03-09 08:45:13,172 INFO o.a.j.t.JMeterThread: Thread is done: Thread Group 1-10
2024-03-09 08:45:13,172 INFO o.a.j.t.JMeterThread: Thread finished: Thread Group 1-10
2024-03-09 08:45:13,172 INFO o.a.j.e.StandardJMeterEngine: Notifying test listeners of end of test
2024-03-09 08:45:13,172 INFO o.a.j.g.u.JMeterMenuBar: setRunning(false, *local*)
2024-03-09 08:45:21,593 INFO o.a.j.g.a.Load: Loading file: /Users/estergracia/Uni/adpro/exercise-profiling/test_plan_1.jmx
2024-03-09 08:45:21,594 INFO o.a.j.s.FileServer: Set new base='/Users/estergracia/Uni/adpro/exercise-profiling'
2024-03-09 08:45:21,595 INFO o.a.j.s.SaveService: Loading file: /Users/estergracia/Uni/adpro/exercise-profiling/test_plan_1.jmx
2024-03-09 08:45:21,615 INFO o.a.j.r.ClassFinder: Will scan jar /opt/homebrew/Cellar/jmeter/5.6.3/libexec/lib/ext/jmeter-plugins-manager-1.9.jar with filter ExtendsClassFilter [parents=[interface org.apache.jmeter.visualizers.ResultRenderer], inner=false, contains=null, notContains=null]. Consider exposing JMeter plugins via META-INF/services, and add JMeter-Skip-Class-Scanning=true manifest attribute so JMeter can skip classfile scanning
2024-03-09 08:45:21,624 INFO o.a.j.r.ClassFinder: Will scan jar /opt/homebrew/Cellar/jmeter/5.6.3/libexec/lib/ext/jmeter-plugins-manager-1.9.jar with filter ExtendsClassFilter [parents=[interface org.apache.jmeter.visualizers.RequestView], inner=false, contains=null, notContains=null]. Consider exposing JMeter plugins via META-INF/services, and add JMeter-Skip-Class-Scanning=true manifest attribute so JMeter can skip classfile scanning
2024-03-09 08:45:21,655 INFO o.a.j.s.FileServer: Set new base='/Users/estergracia/Uni/adpro/exercise-profiling'
2024-03-09 08:45:43,946 INFO o.a.j.e.StandardJMeterEngine: Running the test!
2024-03-09 08:45:43,947 INFO o.a.j.s.SampleEvent: List of sample_variables: []
2024-03-09 08:45:43,948 INFO o.a.j.g.u.JMeterMenuBar: setRunning(true, *local*)
2024-03-09 08:45:43,994 INFO o.a.j.e.StandardJMeterEngine: Starting ThreadGroup: 1 : Thread Group
2024-03-09 08:45:43,994 INFO o.a.j.e.StandardJMeterEngine: Starting 10 threads for group Thread Group.
2024-03-09 08:45:43,994 INFO o.a.j.e.StandardJMeterEngine: Thread will continue on error
2024-03-09 08:45:43,995 INFO o.a.j.t.ThreadGroup: Starting thread group... number=1 threads=10 ramp-up=1 delayedStart=false
2024-03-09 08:45:43,995 INFO o.a.j.t.JMeterThread: Thread started: Thread Group 1-1
2024-03-09 08:45:43,997 INFO o.a.j.t.ThreadGroup: Started thread group number 1
2024-03-09 08:45:43,997 INFO o.a.j.e.StandardJMeterEngine: All thread groups have been started
2024-03-09 08:45:44,100 INFO o.a.j.t.JMeterThread: Thread started: Thread Group 1-2
2024-03-09 08:45:44,196 INFO o.a.j.t.JMeterThread: Thread started: Thread Group 1-3
2024-03-09 08:45:44,300 INFO o.a.j.t.JMeterThread: Thread started: Thread Group 1-4
2024-03-09 08:45:44,396 INFO o.a.j.t.JMeterThread: Thread started: Thread Group 1-5
2024-03-09 08:45:44,496 INFO o.a.j.t.JMeterThread: Thread started: Thread Group 1-6
2024-03-09 08:45:44,600 INFO o.a.j.t.JMeterThread: Thread started: Thread Group 1-7
2024-03-09 08:45:44,698 INFO o.a.j.t.JMeterThread: Thread started: Thread Group 1-8
2024-03-09 08:45:44,798 INFO o.a.j.t.JMeterThread: Thread started: Thread Group 1-9
2024-03-09 08:45:44,897 INFO o.a.j.t.JMeterThread: Thread started: Thread Group 1-10
2024-03-09 08:45:54,061 INFO o.a.j.t.JMeterThread: Thread is done: Thread Group 1-2
2024-03-09 08:45:54,061 INFO o.a.j.t.JMeterThread: Thread is done: Thread Group 1-3
2024-03-09 08:45:54,063 INFO o.a.j.t.JMeterThread: Thread finished: Thread Group 1-3
2024-03-09 08:45:54,061 INFO o.a.j.t.JMeterThread: Thread is done: Thread Group 1-1
2024-03-09 08:45:54,062 INFO o.a.j.t.JMeterThread: Thread finished: Thread Group 1-2
2024-03-09 08:45:54,064 INFO o.a.j.t.JMeterThread: Thread finished: Thread Group 1-1
2024-03-09 08:45:54,223 INFO o.a.j.t.JMeterThread: Thread is done: Thread Group 1-4
2024-03-09 08:45:54,223 INFO o.a.j.t.JMeterThread: Thread finished: Thread Group 1-4
2024-03-09 08:45:54,512 INFO o.a.j.t.JMeterThread: Thread is done: Thread Group 1-5
2024-03-09 08:45:54,512 INFO o.a.j.t.JMeterThread: Thread finished: Thread Group 1-5
2024-03-09 08:45:54,676 INFO o.a.j.t.JMeterThread: Thread is done: Thread Group 1-6
2024-03-09 08:45:54,676 INFO o.a.j.t.JMeterThread: Thread finished: Thread Group 1-6
2024-03-09 08:45:55,085 INFO o.a.j.t.JMeterThread: Thread is done: Thread Group 1-7
2024-03-09 08:45:55,085 INFO o.a.j.t.JMeterThread: Thread finished: Thread Group 1-7
2024-03-09 08:45:55,177 INFO o.a.j.t.JMeterThread: Thread is done: Thread Group 1-8
2024-03-09 08:45:55,177 INFO o.a.j.t.JMeterThread: Thread finished: Thread Group 1-8
2024-03-09 08:45:55,295 INFO o.a.j.t.JMeterThread: Thread is done: Thread Group 1-9
2024-03-09 08:45:55,295 INFO o.a.j.t.JMeterThread: Thread finished: Thread Group 1-9
2024-03-09 08:45:55,360 INFO o.a.j.t.JMeterThread: Thread is done: Thread Group 1-10
2024-03-09 08:45:55,360 INFO o.a.j.t.JMeterThread: Thread finished: Thread Group 1-10
2024-03-09 08:45:55,361 INFO o.a.j.e.StandardJMeterEngine: Notifying test listeners of end of test
2024-03-09 08:45:55,361 INFO o.a.j.g.u.JMeterMenuBar: setRunning(false, *local*)
2024-03-09 08:47:06,292 INFO o.a.j.g.a.Load: Loading file: /Users/estergracia/Uni/adpro/exercise-profiling/test_plan_2.jmx
2024-03-09 08:47:06,293 INFO o.a.j.s.FileServer: Set new base='/Users/estergracia/Uni/adpro/exercise-profiling'
2024-03-09 08:47:06,293 INFO o.a.j.s.SaveService: Loading file: /Users/estergracia/Uni/adpro/exercise-profiling/test_plan_2.jmx
2024-03-09 08:47:06,318 INFO o.a.j.r.ClassFinder: Will scan jar /opt/homebrew/Cellar/jmeter/5.6.3/libexec/lib/ext/jmeter-plugins-manager-1.9.jar with filter ExtendsClassFilter [parents=[interface org.apache.jmeter.visualizers.ResultRenderer], inner=false, contains=null, notContains=null]. Consider exposing JMeter plugins via META-INF/services, and add JMeter-Skip-Class-Scanning=true manifest attribute so JMeter can skip classfile scanning
2024-03-09 08:47:06,333 INFO o.a.j.r.ClassFinder: Will scan jar /opt/homebrew/Cellar/jmeter/5.6.3/libexec/lib/ext/jmeter-plugins-manager-1.9.jar with filter ExtendsClassFilter [parents=[interface org.apache.jmeter.visualizers.RequestView], inner=false, contains=null, notContains=null]. Consider exposing JMeter plugins via META-INF/services, and add JMeter-Skip-Class-Scanning=true manifest attribute so JMeter can skip classfile scanning
2024-03-09 08:47:06,368 INFO o.a.j.s.FileServer: Set new base='/Users/estergracia/Uni/adpro/exercise-profiling'
2024-03-09 08:47:10,847 INFO o.a.j.e.StandardJMeterEngine: Running the test!
2024-03-09 08:47:10,847 INFO o.a.j.s.SampleEvent: List of sample_variables: []
2024-03-09 08:47:10,848 INFO o.a.j.g.u.JMeterMenuBar: setRunning(true, *local*)
2024-03-09 08:47:10,899 INFO o.a.j.e.StandardJMeterEngine: Starting ThreadGroup: 1 : Thread Group
2024-03-09 08:47:10,899 INFO o.a.j.e.StandardJMeterEngine: Starting 10 threads for group Thread Group.
2024-03-09 08:47:10,899 INFO o.a.j.e.StandardJMeterEngine: Thread will continue on error
2024-03-09 08:47:10,899 INFO o.a.j.t.ThreadGroup: Starting thread group... number=1 threads=10 ramp-up=1 delayedStart=false
2024-03-09 08:47:10,900 INFO o.a.j.t.JMeterThread: Thread started: Thread Group 1-1
2024-03-09 08:47:10,902 INFO o.a.j.t.ThreadGroup: Started thread group number 1
2024-03-09 08:47:10,902 INFO o.a.j.e.StandardJMeterEngine: All thread groups have been started
2024-03-09 08:47:10,999 INFO o.a.j.t.JMeterThread: Thread started: Thread Group 1-2
2024-03-09 08:47:11,009 INFO o.a.j.t.JMeterThread: Thread is done: Thread Group 1-1
2024-03-09 08:47:11,009 INFO o.a.j.t.JMeterThread: Thread finished: Thread Group 1-1
2024-03-09 08:47:11,025 INFO o.a.j.t.JMeterThread: Thread is done: Thread Group 1-2
2024-03-09 08:47:11,025 INFO o.a.j.t.JMeterThread: Thread finished: Thread Group 1-2
2024-03-09 08:47:11,100 INFO o.a.j.t.JMeterThread: Thread started: Thread Group 1-3
2024-03-09 08:47:11,133 INFO o.a.j.t.JMeterThread: Thread is done: Thread Group 1-3
2024-03-09 08:47:11,133 INFO o.a.j.t.JMeterThread: Thread finished: Thread Group 1-3
2024-03-09 08:47:11,200 INFO o.a.j.t.JMeterThread: Thread started: Thread Group 1-4
2024-03-09 08:47:11,234 INFO o.a.j.t.JMeterThread: Thread is done: Thread Group 1-4
2024-03-09 08:47:11,235 INFO o.a.j.t.JMeterThread: Thread finished: Thread Group 1-4
2024-03-09 08:47:11,300 INFO o.a.j.t.JMeterThread: Thread started: Thread Group 1-5
2024-03-09 08:47:11,325 INFO o.a.j.t.JMeterThread: Thread is done: Thread Group 1-5
2024-03-09 08:47:11,325 INFO o.a.j.t.JMeterThread: Thread finished: Thread Group 1-5
2024-03-09 08:47:11,399 INFO o.a.j.t.JMeterThread: Thread started: Thread Group 1-6
2024-03-09 08:47:11,420 INFO o.a.j.t.JMeterThread: Thread is done: Thread Group 1-6
2024-03-09 08:47:11,420 INFO o.a.j.t.JMeterThread: Thread finished: Thread Group 1-6
2024-03-09 08:47:11,500 INFO o.a.j.t.JMeterThread: Thread started: Thread Group 1-7
2024-03-09 08:47:11,527 INFO o.a.j.t.JMeterThread: Thread is done: Thread Group 1-7
2024-03-09 08:47:11,527 INFO o.a.j.t.JMeterThread: Thread finished: Thread Group 1-7
2024-03-09 08:47:11,600 INFO o.a.j.t.JMeterThread: Thread started: Thread Group 1-8
2024-03-09 08:47:11,622 INFO o.a.j.t.JMeterThread: Thread is done: Thread Group 1-8
2024-03-09 08:47:11,622 INFO o.a.j.t.JMeterThread: Thread finished: Thread Group 1-8
2024-03-09 08:47:11,705 INFO o.a.j.t.JMeterThread: Thread started: Thread Group 1-9
2024-03-09 08:47:11,727 INFO o.a.j.t.JMeterThread: Thread is done: Thread Group 1-9
2024-03-09 08:47:11,727 INFO o.a.j.t.JMeterThread: Thread finished: Thread Group 1-9
2024-03-09 08:47:11,804 INFO o.a.j.t.JMeterThread: Thread started: Thread Group 1-10
2024-03-09 08:47:11,825 INFO o.a.j.t.JMeterThread: Thread is done: Thread Group 1-10
2024-03-09 08:47:11,825 INFO o.a.j.t.JMeterThread: Thread finished: Thread Group 1-10
2024-03-09 08:47:11,826 INFO o.a.j.e.StandardJMeterEngine: Notifying test listeners of end of test
2024-03-09 08:47:11,826 INFO o.a.j.g.u.JMeterMenuBar: setRunning(false, *local*)
2024-03-09 08:47:25,113 INFO o.a.j.g.a.Load: Loading file: /Users/estergracia/Uni/adpro/exercise-profiling/test_plan_3.jmx
2024-03-09 08:47:25,114 INFO o.a.j.s.FileServer: Set new base='/Users/estergracia/Uni/adpro/exercise-profiling'
2024-03-09 08:47:25,114 INFO o.a.j.s.SaveService: Loading file: /Users/estergracia/Uni/adpro/exercise-profiling/test_plan_3.jmx
2024-03-09 08:47:25,133 INFO o.a.j.r.ClassFinder: Will scan jar /opt/homebrew/Cellar/jmeter/5.6.3/libexec/lib/ext/jmeter-plugins-manager-1.9.jar with filter ExtendsClassFilter [parents=[interface org.apache.jmeter.visualizers.ResultRenderer], inner=false, contains=null, notContains=null]. Consider exposing JMeter plugins via META-INF/services, and add JMeter-Skip-Class-Scanning=true manifest attribute so JMeter can skip classfile scanning
2024-03-09 08:47:25,145 INFO o.a.j.r.ClassFinder: Will scan jar /opt/homebrew/Cellar/jmeter/5.6.3/libexec/lib/ext/jmeter-plugins-manager-1.9.jar with filter ExtendsClassFilter [parents=[interface org.apache.jmeter.visualizers.RequestView], inner=false, contains=null, notContains=null]. Consider exposing JMeter plugins via META-INF/services, and add JMeter-Skip-Class-Scanning=true manifest attribute so JMeter can skip classfile scanning
2024-03-09 08:47:25,175 INFO o.a.j.s.FileServer: Set new base='/Users/estergracia/Uni/adpro/exercise-profiling'
2024-03-09 08:47:29,968 INFO o.a.j.e.StandardJMeterEngine: Running the test!
2024-03-09 08:47:29,969 INFO o.a.j.s.SampleEvent: List of sample_variables: []
2024-03-09 08:47:29,969 INFO o.a.j.g.u.JMeterMenuBar: setRunning(true, *local*)
2024-03-09 08:47:30,015 INFO o.a.j.e.StandardJMeterEngine: Starting ThreadGroup: 1 : Thread Group
2024-03-09 08:47:30,016 INFO o.a.j.e.StandardJMeterEngine: Starting 10 threads for group Thread Group.
2024-03-09 08:47:30,016 INFO o.a.j.e.StandardJMeterEngine: Thread will continue on error
2024-03-09 08:47:30,016 INFO o.a.j.t.ThreadGroup: Starting thread group... number=1 threads=10 ramp-up=1 delayedStart=false
2024-03-09 08:47:30,016 INFO o.a.j.t.JMeterThread: Thread started: Thread Group 1-1
2024-03-09 08:47:30,017 INFO o.a.j.t.ThreadGroup: Started thread group number 1
2024-03-09 08:47:30,017 INFO o.a.j.e.StandardJMeterEngine: All thread groups have been started
2024-03-09 08:47:30,067 INFO o.a.j.t.JMeterThread: Thread is done: Thread Group 1-1
2024-03-09 08:47:30,067 INFO o.a.j.t.JMeterThread: Thread finished: Thread Group 1-1
2024-03-09 08:47:30,122 INFO o.a.j.t.JMeterThread: Thread started: Thread Group 1-2
2024-03-09 08:47:30,135 INFO o.a.j.t.JMeterThread: Thread is done: Thread Group 1-2
2024-03-09 08:47:30,135 INFO o.a.j.t.JMeterThread: Thread finished: Thread Group 1-2
2024-03-09 08:47:30,218 INFO o.a.j.t.JMeterThread: Thread started: Thread Group 1-3
2024-03-09 08:47:30,247 INFO o.a.j.t.JMeterThread: Thread is done: Thread Group 1-3
2024-03-09 08:47:30,247 INFO o.a.j.t.JMeterThread: Thread finished: Thread Group 1-3
2024-03-09 08:47:30,321 INFO o.a.j.t.JMeterThread: Thread started: Thread Group 1-4
2024-03-09 08:47:30,331 INFO o.a.j.t.JMeterThread: Thread is done: Thread Group 1-4
2024-03-09 08:47:30,331 INFO o.a.j.t.JMeterThread: Thread finished: Thread Group 1-4
2024-03-09 08:47:30,416 INFO o.a.j.t.JMeterThread: Thread started: Thread Group 1-5
2024-03-09 08:47:30,428 INFO o.a.j.t.JMeterThread: Thread is done: Thread Group 1-5
2024-03-09 08:47:30,429 INFO o.a.j.t.JMeterThread: Thread finished: Thread Group 1-5
2024-03-09 08:47:30,519 INFO o.a.j.t.JMeterThread: Thread started: Thread Group 1-6
2024-03-09 08:47:30,529 INFO o.a.j.t.JMeterThread: Thread is done: Thread Group 1-6
2024-03-09 08:47:30,529 INFO o.a.j.t.JMeterThread: Thread finished: Thread Group 1-6
2024-03-09 08:47:30,621 INFO o.a.j.t.JMeterThread: Thread started: Thread Group 1-7
2024-03-09 08:47:30,632 INFO o.a.j.t.JMeterThread: Thread is done: Thread Group 1-7
2024-03-09 08:47:30,632 INFO o.a.j.t.JMeterThread: Thread finished: Thread Group 1-7
2024-03-09 08:47:30,721 INFO o.a.j.t.JMeterThread: Thread started: Thread Group 1-8
2024-03-09 08:47:30,730 INFO o.a.j.t.JMeterThread: Thread is done: Thread Group 1-8
2024-03-09 08:47:30,731 INFO o.a.j.t.JMeterThread: Thread finished: Thread Group 1-8
2024-03-09 08:47:30,818 INFO o.a.j.t.JMeterThread: Thread started: Thread Group 1-9
2024-03-09 08:47:30,843 INFO o.a.j.t.JMeterThread: Thread is done: Thread Group 1-9
2024-03-09 08:47:30,843 INFO o.a.j.t.JMeterThread: Thread finished: Thread Group 1-9
2024-03-09 08:47:30,921 INFO o.a.j.t.JMeterThread: Thread started: Thread Group 1-10
2024-03-09 08:47:30,934 INFO o.a.j.t.JMeterThread: Thread is done: Thread Group 1-10
2024-03-09 08:47:30,934 INFO o.a.j.t.JMeterThread: Thread finished: Thread Group 1-10
2024-03-09 08:47:30,935 INFO o.a.j.e.StandardJMeterEngine: Notifying test listeners of end of test
2024-03-09 08:47:30,935 INFO o.a.j.g.u.JMeterMenuBar: setRunning(false, *local*)
